<?xml version="1.0" encoding="UTF-8"?>
<!-- Generated by org.testng.reporters.JUnitXMLReporter -->
<testsuite ignored="0" hostname="Anil" failures="0" tests="3" name="Default test" time="55.577" errors="0" timestamp="2026-05-02T22:10:53 IST">
  <testcase classname="rahulshettyacademy.SubmitOrderTest" name="SubmitOrder" time="14.491"/>
  <testcase classname="rahulshettyacademy.SubmitOrderTest" name="SubmitOrder" time="14.38"/>
  <testcase classname="rahulshettyacademy.SubmitOrderTest" name="OrderHistoryTest" time="1.135"/>
</testsuite> <!-- Default test -->
