<?xml version="1.0" encoding="UTF-8"?>
<!-- Generated by org.testng.reporters.JUnitReportReporter -->
<testsuite hostname="Anil" failures="0" tests="2" name="rahulshettyacademy.ErrorValidations" time="14.014" errors="0" timestamp="2026-05-10T13:47:25 IST" skipped="0">
  <testcase classname="rahulshettyacademy.ErrorValidations" name="LoginErrorValidation" time="2.860"/>
  <testcase classname="rahulshettyacademy.ErrorValidations" name="ProductErrorValidation" time="11.154"/>
</testsuite> <!-- rahulshettyacademy.ErrorValidations -->
